[2019-11-23 21:34:23.510] [exthost] [info] extension host started
[2019-11-23 21:34:23.544] [exthost] [info] ExtensionService#_doActivateExtension aaron-bond.better-comments {"startup":false,"activationEvent":"onLanguage:plaintext"}
[2019-11-23 21:34:23.544] [exthost] [info] ExtensionService#loadCommonJSModule file:///home/aliang/.vscode/extensions/aaron-bond.better-comments-2.0.5/out/extension
[2019-11-23 21:34:23.549] [exthost] [info] ExtensionService#_doActivateExtension jsonchou.text-compact {"startup":false,"activationEvent":"onLanguage:plaintext"}
[2019-11-23 21:34:23.549] [exthost] [info] ExtensionService#loadCommonJSModule file:///home/aliang/.vscode/extensions/jsonchou.text-compact-0.0.3/extension
[2019-11-23 21:34:23.586] [exthost] [info] ExtensionService#_doActivateExtension vscode.debug-auto-launch {"startup":true,"activationEvent":"*"}
[2019-11-23 21:34:23.586] [exthost] [info] ExtensionService#loadCommonJSModule file:///usr/share/code/resources/app/extensions/debug-auto-launch/dist/extension
[2019-11-23 21:34:23.593] [exthost] [info] ExtensionService#_doActivateExtension vscode.emmet {"startup":true,"activationEvent":"*"}
[2019-11-23 21:34:23.593] [exthost] [info] ExtensionService#loadCommonJSModule file:///usr/share/code/resources/app/extensions/emmet/dist/extension
[2019-11-23 21:34:23.639] [exthost] [info] ExtensionService#_doActivateExtension vscode.git {"startup":true,"activationEvent":"*"}
[2019-11-23 21:34:23.639] [exthost] [info] ExtensionService#loadCommonJSModule file:///usr/share/code/resources/app/extensions/git/dist/main
[2019-11-23 21:34:23.741] [exthost] [info] ExtensionService#_doActivateExtension vscode.merge-conflict {"startup":true,"activationEvent":"*"}
[2019-11-23 21:34:23.741] [exthost] [info] ExtensionService#loadCommonJSModule file:///usr/share/code/resources/app/extensions/merge-conflict/dist/extension
[2019-11-23 21:34:23.746] [exthost] [info] ExtensionService#_doActivateExtension dbaeumer.vscode-eslint {"startup":true,"activationEvent":"*"}
[2019-11-23 21:34:23.746] [exthost] [info] ExtensionService#loadCommonJSModule file:///home/aliang/.vscode/extensions/dbaeumer.vscode-eslint-1.9.1/client/out/extension
[2019-11-23 21:34:23.833] [exthost] [info] ExtensionService#_doActivateExtension EditorConfig.EditorConfig {"startup":true,"activationEvent":"*"}
[2019-11-23 21:34:23.833] [exthost] [info] ExtensionService#loadCommonJSModule file:///home/aliang/.vscode/extensions/editorconfig.editorconfig-0.13.0/out/src/editorConfigMain
[2019-11-23 21:34:23.996] [exthost] [info] ExtensionService#_doActivateExtension esbenp.prettier-vscode {"startup":true,"activationEvent":"*"}
[2019-11-23 21:34:23.996] [exthost] [info] ExtensionService#loadCommonJSModule file:///home/aliang/.vscode/extensions/esbenp.prettier-vscode-3.8.0/dist/extension
[2019-11-23 21:34:24.284] [exthost] [info] ExtensionService#_doActivateExtension KnisterPeter.vscode-github {"startup":true,"activationEvent":"*"}
[2019-11-23 21:34:24.284] [exthost] [info] ExtensionService#loadCommonJSModule file:///home/aliang/.vscode/extensions/knisterpeter.vscode-github-0.30.3/out/src/main
[2019-11-23 21:34:26.085] [exthost] [info] ExtensionService#_doActivateExtension pranaygp.vscode-css-peek {"startup":true,"activationEvent":"*"}
[2019-11-23 21:34:26.085] [exthost] [info] ExtensionService#loadCommonJSModule file:///home/aliang/.vscode/extensions/pranaygp.vscode-css-peek-3.0.2/out/client/src/extension
[2019-11-23 21:34:26.374] [exthost] [info] ExtensionService#_doActivateExtension Zignd.html-css-class-completion {"startup":true,"activationEvent":"*"}
[2019-11-23 21:34:26.374] [exthost] [info] ExtensionService#loadCommonJSModule file:///home/aliang/.vscode/extensions/zignd.html-css-class-completion-1.19.0/out/src/extension
[2019-11-23 21:34:27.563] [exthost] [info] eager extensions activated
[2019-11-23 21:34:39.361] [exthost] [info] extension host started
[2019-11-23 21:34:39.401] [exthost] [info] ExtensionService#_doActivateExtension aaron-bond.better-comments {"startup":false,"activationEvent":"onLanguage:plaintext"}
[2019-11-23 21:34:39.401] [exthost] [info] ExtensionService#loadCommonJSModule file:///home/aliang/.vscode/extensions/aaron-bond.better-comments-2.0.5/out/extension
[2019-11-23 21:34:39.404] [exthost] [info] ExtensionService#_doActivateExtension jsonchou.text-compact {"startup":false,"activationEvent":"onLanguage:plaintext"}
[2019-11-23 21:34:39.405] [exthost] [info] ExtensionService#loadCommonJSModule file:///home/aliang/.vscode/extensions/jsonchou.text-compact-0.0.3/extension
[2019-11-23 21:34:39.407] [exthost] [info] ExtensionService#_doActivateExtension vscode.debug-auto-launch {"startup":true,"activationEvent":"*"}
[2019-11-23 21:34:39.407] [exthost] [info] ExtensionService#loadCommonJSModule file:///usr/share/code/resources/app/extensions/debug-auto-launch/dist/extension
[2019-11-23 21:34:39.409] [exthost] [info] ExtensionService#_doActivateExtension vscode.emmet {"startup":true,"activationEvent":"*"}
[2019-11-23 21:34:39.409] [exthost] [info] ExtensionService#loadCommonJSModule file:///usr/share/code/resources/app/extensions/emmet/dist/extension
[2019-11-23 21:34:39.446] [exthost] [info] ExtensionService#_doActivateExtension vscode.git {"startup":true,"activationEvent":"*"}
[2019-11-23 21:34:39.446] [exthost] [info] ExtensionService#loadCommonJSModule file:///usr/share/code/resources/app/extensions/git/dist/main
[2019-11-23 21:34:39.535] [exthost] [info] ExtensionService#_doActivateExtension vscode.merge-conflict {"startup":true,"activationEvent":"*"}
[2019-11-23 21:34:39.536] [exthost] [info] ExtensionService#loadCommonJSModule file:///usr/share/code/resources/app/extensions/merge-conflict/dist/extension
[2019-11-23 21:34:39.540] [exthost] [info] ExtensionService#_doActivateExtension dbaeumer.vscode-eslint {"startup":true,"activationEvent":"*"}
[2019-11-23 21:34:39.540] [exthost] [info] ExtensionService#loadCommonJSModule file:///home/aliang/.vscode/extensions/dbaeumer.vscode-eslint-1.9.1/client/out/extension
[2019-11-23 21:34:39.571] [exthost] [info] ExtensionService#_doActivateExtension EditorConfig.EditorConfig {"startup":true,"activationEvent":"*"}
[2019-11-23 21:34:39.571] [exthost] [info] ExtensionService#loadCommonJSModule file:///home/aliang/.vscode/extensions/editorconfig.editorconfig-0.13.0/out/src/editorConfigMain
[2019-11-23 21:34:39.589] [exthost] [info] ExtensionService#_doActivateExtension esbenp.prettier-vscode {"startup":true,"activationEvent":"*"}
[2019-11-23 21:34:39.589] [exthost] [info] ExtensionService#loadCommonJSModule file:///home/aliang/.vscode/extensions/esbenp.prettier-vscode-3.9.0/dist/extension
[2019-11-23 21:34:39.757] [exthost] [info] ExtensionService#_doActivateExtension KnisterPeter.vscode-github {"startup":true,"activationEvent":"*"}
[2019-11-23 21:34:39.757] [exthost] [info] ExtensionService#loadCommonJSModule file:///home/aliang/.vscode/extensions/knisterpeter.vscode-github-0.30.3/out/src/main
[2019-11-23 21:34:39.910] [exthost] [info] ExtensionService#_doActivateExtension pranaygp.vscode-css-peek {"startup":true,"activationEvent":"*"}
[2019-11-23 21:34:39.910] [exthost] [info] ExtensionService#loadCommonJSModule file:///home/aliang/.vscode/extensions/pranaygp.vscode-css-peek-3.0.2/out/client/src/extension
[2019-11-23 21:34:39.936] [exthost] [info] ExtensionService#_doActivateExtension Zignd.html-css-class-completion {"startup":true,"activationEvent":"*"}
[2019-11-23 21:34:39.936] [exthost] [info] ExtensionService#loadCommonJSModule file:///home/aliang/.vscode/extensions/zignd.html-css-class-completion-1.19.0/out/src/extension
[2019-11-23 21:34:40.132] [exthost] [info] eager extensions activated
[2019-11-23 21:35:10.875] [exthost] [info] ExtensionService#_doActivateExtension vscode.typescript-language-features {"startup":false,"activationEvent":"onLanguage:javascript"}
[2019-11-23 21:35:10.875] [exthost] [info] ExtensionService#loadCommonJSModule file:///usr/share/code/resources/app/extensions/typescript-language-features/dist/extension
[2019-11-23 21:35:10.941] [exthost] [info] ExtensionService#_doActivateExtension ecmel.vscode-html-css {"startup":false,"activationEvent":"onLanguage:javascript"}
[2019-11-23 21:35:10.941] [exthost] [info] ExtensionService#loadCommonJSModule file:///home/aliang/.vscode/extensions/ecmel.vscode-html-css-0.2.3/dist/extension
[2019-11-23 21:35:11.221] [exthost] [info] ExtensionService#_doActivateExtension lonefy.vscode-JS-CSS-HTML-formatter {"startup":false,"activationEvent":"onLanguage:javascript"}
[2019-11-23 21:35:11.221] [exthost] [info] ExtensionService#loadCommonJSModule file:///home/aliang/.vscode/extensions/lonefy.vscode-js-css-html-formatter-0.2.3/out/src/extension
[2019-11-23 21:35:22.162] [exthost] [info] ExtensionService#_doActivateExtension vscode.configuration-editing {"startup":false,"activationEvent":"onLanguage:jsonc"}
[2019-11-23 21:35:22.163] [exthost] [info] ExtensionService#loadCommonJSModule file:///usr/share/code/resources/app/extensions/configuration-editing/dist/extension
[2019-11-23 21:35:22.176] [exthost] [info] ExtensionService#_doActivateExtension vscode.json-language-features {"startup":false,"activationEvent":"onLanguage:jsonc"}
[2019-11-23 21:35:22.176] [exthost] [info] ExtensionService#loadCommonJSModule file:///usr/share/code/resources/app/extensions/json-language-features/client/dist/jsonMain
[2019-11-23 21:35:23.053] [exthost] [info] ExtensionService#_doActivateExtension vscode.extension-editing {"startup":false,"activationEvent":"onLanguage:json"}
[2019-11-23 21:35:23.053] [exthost] [info] ExtensionService#loadCommonJSModule file:///usr/share/code/resources/app/extensions/extension-editing/dist/extension
[2019-11-23 21:35:23.105] [exthost] [info] ExtensionService#_doActivateExtension vscode.npm {"startup":false,"activationEvent":"onLanguage:json"}
[2019-11-23 21:35:23.105] [exthost] [info] ExtensionService#loadCommonJSModule file:///usr/share/code/resources/app/extensions/npm/dist/main
[2019-11-23 21:35:29.006] [exthost] [error] onWillSaveTextDocument-listener from extension 'dbaeumer.vscode-eslint' threw ERROR
[2019-11-23 21:35:29.006] [exthost] [error] Error: timeout
    at Timeout.define._deliverEventAsync.setTimeout [as _onTimeout] (/usr/share/code/resources/app/out/vs/workbench/services/extensions/node/extensionHostProcess.js:475:26)
    at ontimeout (timers.js:425:11)
    at tryOnTimeout (timers.js:289:5)
    at listOnTimeout (timers.js:252:5)
    at Timer.processTimers (timers.js:212:10)
