Looking for git in: git
Using git 2.17.1 from git
> git rev-parse --show-toplevel
fatal: not a git repository (or any parent up to mount point /)
Stopping at filesystem boundary (GIT_DISCOVERY_ACROSS_FILESYSTEM not set).
> git rev-parse --show-toplevel
> git rev-parse --git-dir
> git config --get commit.template
Open repository: /home/aliang/lighthouse/w7/scheduler
> git status -z -u
> git check-ignore -v -z --stdin
> git symbolic-ref --short HEAD
> git rev-parse master
> git rev-parse --symbolic-full-name master@{u}
> git rev-list --left-right master...refs/remotes/origin/master
> git for-each-ref --format %(refname) %(objectname) --sort -committerdate
> git remote --verbose
Failed to watch ref '/home/aliang/lighthouse/w7/scheduler/.git/refs/remotes/origin/master', is most likely packed.
Error: ENOENT: no such file or directory, watch '/home/aliang/lighthouse/w7/scheduler/.git/refs/remotes/origin/master'
    at FSWatcher.start (internal/fs/watchers.js:164:26)
    at Object.watch (fs.js:1232:11)
    at Object.t.watch (/usr/share/code/resources/app/extensions/git/dist/main.js:1:594577)
    at T.updateTransientWatchers (/usr/share/code/resources/app/extensions/git/dist/main.js:1:98303)
    at u.fire (/usr/share/code/resources/app/out/vs/workbench/services/extensions/node/extensionHostProcess.js:50:227)
    at k.updateModelState (/usr/share/code/resources/app/extensions/git/dist/main.js:1:116179)
> git check-ignore -v -z --stdin
> git check-ignore -v -z --stdin
> git check-ignore -v -z --stdin
> git check-ignore -v -z --stdin
> git check-ignore -v -z --stdin
> git check-ignore -v -z --stdin
> git check-ignore -v -z --stdin
> git check-ignore -v -z --stdin
> git show :src/components/Application.js
> git status -z -u
> git symbolic-ref --short HEAD
> git rev-parse master
> git rev-parse --symbolic-full-name master@{u}
> git rev-list --left-right master...refs/remotes/origin/master
> git for-each-ref --format %(refname) %(objectname) --sort -committerdate
> git remote --verbose
Failed to watch ref '/home/aliang/lighthouse/w7/scheduler/.git/refs/remotes/origin/master', is most likely packed.
Error: ENOENT: no such file or directory, watch '/home/aliang/lighthouse/w7/scheduler/.git/refs/remotes/origin/master'
    at FSWatcher.start (internal/fs/watchers.js:164:26)
    at Object.watch (fs.js:1232:11)
    at Object.t.watch (/usr/share/code/resources/app/extensions/git/dist/main.js:1:594577)
    at T.updateTransientWatchers (/usr/share/code/resources/app/extensions/git/dist/main.js:1:98303)
    at u.fire (/usr/share/code/resources/app/out/vs/workbench/services/extensions/node/extensionHostProcess.js:50:227)
    at k.updateModelState (/usr/share/code/resources/app/extensions/git/dist/main.js:1:116179)
> git status -z -u
> git symbolic-ref --short HEAD
> git rev-parse master
> git rev-parse --symbolic-full-name master@{u}
> git rev-list --left-right master...refs/remotes/origin/master
> git for-each-ref --format %(refname) %(objectname) --sort -committerdate
> git remote --verbose
Failed to watch ref '/home/aliang/lighthouse/w7/scheduler/.git/refs/remotes/origin/master', is most likely packed.
Error: ENOENT: no such file or directory, watch '/home/aliang/lighthouse/w7/scheduler/.git/refs/remotes/origin/master'
    at FSWatcher.start (internal/fs/watchers.js:164:26)
    at Object.watch (fs.js:1232:11)
    at Object.t.watch (/usr/share/code/resources/app/extensions/git/dist/main.js:1:594577)
    at T.updateTransientWatchers (/usr/share/code/resources/app/extensions/git/dist/main.js:1:98303)
    at u.fire (/usr/share/code/resources/app/out/vs/workbench/services/extensions/node/extensionHostProcess.js:50:227)
    at k.updateModelState (/usr/share/code/resources/app/extensions/git/dist/main.js:1:116179)
> git status -z -u
> git symbolic-ref --short HEAD
> git rev-parse master
> git rev-parse --symbolic-full-name master@{u}
> git rev-list --left-right master...refs/remotes/origin/master
> git for-each-ref --format %(refname) %(objectname) --sort -committerdate
> git remote --verbose
Failed to watch ref '/home/aliang/lighthouse/w7/scheduler/.git/refs/remotes/origin/master', is most likely packed.
Error: ENOENT: no such file or directory, watch '/home/aliang/lighthouse/w7/scheduler/.git/refs/remotes/origin/master'
    at FSWatcher.start (internal/fs/watchers.js:164:26)
    at Object.watch (fs.js:1232:11)
    at Object.t.watch (/usr/share/code/resources/app/extensions/git/dist/main.js:1:594577)
    at T.updateTransientWatchers (/usr/share/code/resources/app/extensions/git/dist/main.js:1:98303)
    at u.fire (/usr/share/code/resources/app/out/vs/workbench/services/extensions/node/extensionHostProcess.js:50:227)
    at k.updateModelState (/usr/share/code/resources/app/extensions/git/dist/main.js:1:116179)
> git rev-parse --show-toplevel
fatal: not a git repository (or any parent up to mount point /)
Stopping at filesystem boundary (GIT_DISCOVERY_ACROSS_FILESYSTEM not set).
> git status -z -u
> git symbolic-ref --short HEAD
> git rev-parse master
> git rev-parse --symbolic-full-name master@{u}
> git rev-list --left-right master...refs/remotes/origin/master
> git for-each-ref --format %(refname) %(objectname) --sort -committerdate
> git remote --verbose
Failed to watch ref '/home/aliang/lighthouse/w7/scheduler/.git/refs/remotes/origin/master', is most likely packed.
Error: ENOENT: no such file or directory, watch '/home/aliang/lighthouse/w7/scheduler/.git/refs/remotes/origin/master'
    at FSWatcher.start (internal/fs/watchers.js:164:26)
    at Object.watch (fs.js:1232:11)
    at Object.t.watch (/usr/share/code/resources/app/extensions/git/dist/main.js:1:594577)
    at T.updateTransientWatchers (/usr/share/code/resources/app/extensions/git/dist/main.js:1:98303)
    at u.fire (/usr/share/code/resources/app/out/vs/workbench/services/extensions/node/extensionHostProcess.js:50:227)
    at k.updateModelState (/usr/share/code/resources/app/extensions/git/dist/main.js:1:116179)
> git status -z -u
> git symbolic-ref --short HEAD
> git rev-parse master
> git rev-parse --symbolic-full-name master@{u}
> git rev-list --left-right master...refs/remotes/origin/master
> git for-each-ref --format %(refname) %(objectname) --sort -committerdate
> git remote --verbose
Failed to watch ref '/home/aliang/lighthouse/w7/scheduler/.git/refs/remotes/origin/master', is most likely packed.
Error: ENOENT: no such file or directory, watch '/home/aliang/lighthouse/w7/scheduler/.git/refs/remotes/origin/master'
    at FSWatcher.start (internal/fs/watchers.js:164:26)
    at Object.watch (fs.js:1232:11)
    at Object.t.watch (/usr/share/code/resources/app/extensions/git/dist/main.js:1:594577)
    at T.updateTransientWatchers (/usr/share/code/resources/app/extensions/git/dist/main.js:1:98303)
    at u.fire (/usr/share/code/resources/app/out/vs/workbench/services/extensions/node/extensionHostProcess.js:50:227)
    at k.updateModelState (/usr/share/code/resources/app/extensions/git/dist/main.js:1:116179)
