Initializing document watcher...
Detected change in configuration: {}
w7/scheduler/src/components/Application.js: {}
w7/scheduler/src/components/Application.js: Using EditorConfig core...
w7/scheduler/src/components/Application.js: Using EditorConfig core...
w7/scheduler/src/components/Application.js: Using EditorConfig core...
w7/scheduler/src/components/Application.js: Using EditorConfig core...
w7/scheduler/src/components/Application.js: Using EditorConfig core...
undefined: {}
w7/scheduler/src/components/Application.js: {}
Detected change in configuration: {}
w7/scheduler/src/components/Application.js: Using EditorConfig core...
w7/scheduler/src/components/Application.js: Using EditorConfig core...
w7/scheduler/src/components/Application.js: {}
w7/scheduler/src/components/Application.js: {}
w7/scheduler/src/components/Application.js: {}
w7/scheduler/src/components/Application.js: {}
w7/scheduler/src/components/Application.js: {}
w7/scheduler/src/components/Application.js: {}
w7/scheduler/src/components/Application.js: {}
w7/scheduler/src/components/Application.js: {}
w7/scheduler/src/components/Application.js: {}
w7/scheduler/src/components/Application.js: {}
w7/scheduler/src/components/Application.js: {}
w7/scheduler/src/components/Application.js: {}
w7/scheduler/src/components/Application.js: {}
